  Assembling test.asm...
test.asm(25): error A2008: syntax error : name
C:\Program Files\Microsoft Visual Studio\2022\Professional\MSBuild\Microsoft\VC\v170\BuildCustomizations\masm.targets(70,5): error MSB3721: The command "ml.exe /c /nologo /Sg /Zi /Fo"Debug\test.obj" /Fl"Project.lst" /I "c:\Irvine" /W3 /errorReport:prompt  /Tatest.asm" exited with code 1.
